<?xml version="1.0" encoding="UTF-8"?>
<testsuite xmlns:xsi="http://www.w3.org/2001/XMLSchema-instance" xsi:noNamespaceSchemaLocation="https://maven.apache.org/surefire/maven-surefire-plugin/xsd/surefire-test-report.xsd" name="com.baeldung.spring.cloud.kubernetes.travelagency.SpringContextTest" time="11.683" tests="1" errors="0" skipped="0" failures="0">
  <properties>
[...]
</properties>
  <testcase name="whenSpringContextIsBootstrapped_thenNoExceptions" classname="com.baeldung.spring.cloud.kubernetes.travelagency.SpringContextTest" time="0.887"/>
</testsuite>